<?xml version="1.0" encoding="UTF-8"?>
<testng-results skipped="0" failed="0" ignored="0" total="1" passed="1">
  <reporter-output>
  </reporter-output>
  <suite name="Default suite" duration-ms="3968" started-at="2023-01-14T23:56:56 CST" finished-at="2023-01-14T23:57:00 CST">
    <groups>
    </groups>
    <test name="Default test" duration-ms="3968" started-at="2023-01-14T23:56:56 CST" finished-at="2023-01-14T23:57:00 CST">
      <class name="test.TC_001">
        <test-method status="PASS" signature="launchBrowser()[pri:0, instance:test.TC_001@5f3a4b84]" name="launchBrowser" is-config="true" duration-ms="2715" started-at="2023-01-14T23:56:54 CST" finished-at="2023-01-14T23:56:56 CST">
          <reporter-output>
          </reporter-output>
        </test-method> <!-- launchBrowser -->
        <test-method status="PASS" signature="test1()[pri:0, instance:test.TC_001@5f3a4b84]" name="test1" duration-ms="3944" started-at="2023-01-14T23:56:56 CST" finished-at="2023-01-14T23:57:00 CST">
          <reporter-output>
          </reporter-output>
        </test-method> <!-- test1 -->
        <test-method status="PASS" signature="teardown()[pri:0, instance:test.TC_001@5f3a4b84]" name="teardown" is-config="true" duration-ms="113" started-at="2023-01-14T23:57:00 CST" finished-at="2023-01-14T23:57:00 CST">
          <reporter-output>
          </reporter-output>
        </test-method> <!-- teardown -->
      </class> <!-- test.TC_001 -->
    </test> <!-- Default test -->
  </suite> <!-- Default suite -->
</testng-results>
